AndroidApps/Murach/book_apps/ch06_TipCalculator/app/build/intermediates/manifest_merge_blame_file/debug/manifest-merger-blame-debug-report.txt
1<?xml version="1.0" encoding="utf-8"?>
2<manifest xmlns:android="http://schemas.android.com/apk/res/android"
3    package="com.murach.tipcalculator"
4    android:versionCode="1"
5    android:versionName="1.0" >
6
7    <uses-sdk
7-->src\main\AndroidManifest.xml:6:5-8:41
8        android:minSdkVersion="15"
8-->src\main\AndroidManifest.xml:7:9-34
9        android:targetSdkVersion="32" />
9-->src\main\AndroidManifest.xml:8:9-38
10
11    <application
11-->src\main\AndroidManifest.xml:10:5-25:19
12        android:allowBackup="true"
12-->src\main\AndroidManifest.xml:14:9-35
13        android:appComponentFactory="android.support.v4.app.CoreComponentFactory"
13-->[com.android.support:support-compat:28.0.0] AndroidManifest.xml:22:18-91
14        android:debuggable="true"
15        android:icon="@drawable/ic_launcher"
15-->src\main\AndroidManifest.xml:11:9-45
16        android:label="@string/app_name"
16-->src\main\AndroidManifest.xml:12:9-41
17        android:theme="@style/AppTheme" >
17-->src\main\AndroidManifest.xml:13:9-40
18        <activity
18-->src\main\AndroidManifest.xml:15:9-24:20
19            android:name="com.murach.tipcalculator.TipCalculatorActivity"
19-->src\main\AndroidManifest.xml:16:13-50
20            android:exported="true"
20-->src\main\AndroidManifest.xml:19:13-36
21            android:label="@string/app_name"
21-->src\main\AndroidManifest.xml:17:13-45
22            android:windowSoftInputMode="stateUnchanged" >
22-->src\main\AndroidManifest.xml:18:13-57
23            <intent-filter>
23-->src\main\AndroidManifest.xml:20:13-23:29
24                <action android:name="android.intent.action.MAIN" />
24-->src\main\AndroidManifest.xml:21:17-69
24-->src\main\AndroidManifest.xml:21:25-66
25
26                <category android:name="android.intent.category.LAUNCHER" />
26-->src\main\AndroidManifest.xml:22:17-77
26-->src\main\AndroidManifest.xml:22:27-74
27            </intent-filter>
28        </activity>
29    </application>
30
31</manifest>